c:\dev\gamedevelopment\gamedev\chili framework 2016\engine\x64\debug\game.obj
c:\dev\gamedevelopment\gamedev\chili framework 2016\engine\x64\debug\graphics.obj
c:\dev\gamedevelopment\gamedev\chili framework 2016\engine\x64\debug\dxerr.obj
c:\dev\gamedevelopment\gamedev\chili framework 2016\engine\x64\debug\keyboard.obj
c:\dev\gamedevelopment\gamedev\chili framework 2016\engine\x64\debug\main.obj
c:\dev\gamedevelopment\gamedev\chili framework 2016\engine\x64\debug\ascii.obj
c:\dev\gamedevelopment\gamedev\chili framework 2016\engine\x64\debug\mouse.obj
c:\dev\gamedevelopment\gamedev\chili framework 2016\engine\x64\debug\mainwindow.obj
c:\dev\gamedevelopment\gamedev\chili framework 2016\engine\x64\debug\explosion.obj
c:\dev\gamedevelopment\gamedev\chili framework 2016\engine\x64\debug\splashscreen.obj
c:\dev\gamedevelopment\gamedev\chili framework 2016\engine\x64\debug\vc140.pdb
c:\dev\gamedevelopment\gamedev\squix\engine\x64\debug\explosion.obj
c:\dev\gamedevelopment\gamedev\squix\engine\x64\debug\sound.obj
c:\dev\gamedevelopment\gamedev\squix\engine\x64\debug\ascii.obj
c:\dev\gamedevelopment\gamedev\squix\engine\x64\debug\mouse.obj
c:\dev\gamedevelopment\gamedev\squix\engine\x64\debug\splashscreen.obj
c:\dev\gamedevelopment\gamedev\squix\engine\x64\debug\keyboard.obj
c:\dev\gamedevelopment\gamedev\squix\engine\x64\debug\mainwindow.obj
c:\dev\gamedevelopment\gamedev\squix\engine\x64\debug\main.obj
c:\dev\gamedevelopment\gamedev\squix\engine\x64\debug\game.obj
c:\dev\gamedevelopment\gamedev\squix\engine\x64\debug\graphics.obj
c:\dev\gamedevelopment\gamedev\squix\engine\x64\debug\dxerr.obj
c:\dev\gamedevelopment\gamedev\squix\engine\x64\debug\vc140.pdb
c:\dev\gamedevelopment\gamedev\squix\engine\x64\debug\mcimagemap.obj
c:\dev\gamedevelopment\gamedev\squix\engine\x64\debug\bitmaps.obj
c:\dev\gamedevelopment\gamedev\squix\engine\x64\debug\vc140.idb
c:\dev\gamedevelopment\gamedev\chili framework 2016\engine\framebufferps.shh
c:\dev\gamedevelopment\gamedev\chili framework 2016\engine\framebuffervs.shh
c:\dev\gamedevelopment\gamedev\squix\engine\framebufferps.shh
c:\dev\gamedevelopment\gamedev\squix\engine\framebuffervs.shh
c:\dev\gamedevelopment\gamedev\chili framework 2016\engine\x64\debug\resource.res
c:\dev\gamedevelopment\gamedev\squix\engine\x64\debug\resource.res
c:\dev\gamedevelopment\gamedev\squix\x64\debug\engine.pdb
c:\dev\gamedevelopment\gamedev\squix\x64\debug\engine.exe
c:\dev\gamedevelopment\gamedev\squix\x64\debug\engine.ilk
c:\dev\gamedevelopment\gamedev\squix\engine\x64\debug\engine.tlog\cl.command.1.tlog
c:\dev\gamedevelopment\gamedev\squix\engine\x64\debug\engine.tlog\cl.read.1.tlog
c:\dev\gamedevelopment\gamedev\squix\engine\x64\debug\engine.tlog\cl.write.1.tlog
c:\dev\gamedevelopment\gamedev\squix\engine\x64\debug\engine.tlog\engine.write.1u.tlog
c:\dev\gamedevelopment\gamedev\squix\engine\x64\debug\engine.tlog\fxc.command.1.tlog
c:\dev\gamedevelopment\gamedev\squix\engine\x64\debug\engine.tlog\fxc.read.1.tlog
c:\dev\gamedevelopment\gamedev\squix\engine\x64\debug\engine.tlog\fxc.write.1.tlog
c:\dev\gamedevelopment\gamedev\squix\engine\x64\debug\engine.tlog\link.command.1.tlog
c:\dev\gamedevelopment\gamedev\squix\engine\x64\debug\engine.tlog\link.read.1.tlog
c:\dev\gamedevelopment\gamedev\squix\engine\x64\debug\engine.tlog\link.write.1.tlog
c:\dev\gamedevelopment\gamedev\squix\engine\x64\debug\engine.tlog\rc.command.1.tlog
c:\dev\gamedevelopment\gamedev\squix\engine\x64\debug\engine.tlog\rc.read.1.tlog
c:\dev\gamedevelopment\gamedev\squix\engine\x64\debug\engine.tlog\rc.write.1.tlog
