c:\dev\gamedevelopment\gamedev\chili framework 2016\engine\debug\graphics.obj
c:\dev\gamedevelopment\gamedev\chili framework 2016\engine\debug\keyboard.obj
c:\dev\gamedevelopment\gamedev\chili framework 2016\engine\debug\mainwindow.obj
c:\dev\gamedevelopment\gamedev\chili framework 2016\engine\debug\game.obj
c:\dev\gamedevelopment\gamedev\chili framework 2016\engine\debug\ascii.obj
c:\dev\gamedevelopment\gamedev\chili framework 2016\engine\debug\dxerr.obj
c:\dev\gamedevelopment\gamedev\chili framework 2016\engine\debug\main.obj
c:\dev\gamedevelopment\gamedev\chili framework 2016\engine\debug\mouse.obj
c:\dev\gamedevelopment\gamedev\chili framework 2016\engine\debug\vc140.pdb
c:\dev\gamedevelopment\gamedev\chili framework 2016\engine\framebufferps.shh
c:\dev\gamedevelopment\gamedev\chili framework 2016\engine\framebuffervs.shh
c:\dev\gamedevelopment\gamedev\chili framework 2016\engine\debug\resource.res
c:\dev\gamedevelopment\gamedev\chili framework 2016\engine\debug\vc140.idb
c:\dev\gamedevelopment\gamedev\chili framework 2016\debug\engine.pdb
c:\dev\gamedevelopment\gamedev\chili framework 2016\engine\debug\engine.tlog\cl.command.1.tlog
c:\dev\gamedevelopment\gamedev\chili framework 2016\engine\debug\engine.tlog\cl.read.1.tlog
c:\dev\gamedevelopment\gamedev\chili framework 2016\engine\debug\engine.tlog\cl.write.1.tlog
c:\dev\gamedevelopment\gamedev\chili framework 2016\engine\debug\engine.tlog\engine.write.1u.tlog
c:\dev\gamedevelopment\gamedev\chili framework 2016\engine\debug\engine.tlog\fxc.command.1.tlog
c:\dev\gamedevelopment\gamedev\chili framework 2016\engine\debug\engine.tlog\fxc.read.1.tlog
c:\dev\gamedevelopment\gamedev\chili framework 2016\engine\debug\engine.tlog\fxc.write.1.tlog
c:\dev\gamedevelopment\gamedev\chili framework 2016\engine\debug\engine.tlog\link.20992-cvtres.read.1.tlog
c:\dev\gamedevelopment\gamedev\chili framework 2016\engine\debug\engine.tlog\link.20992-cvtres.write.1.tlog
c:\dev\gamedevelopment\gamedev\chili framework 2016\engine\debug\engine.tlog\link.20992-rc.read.1.tlog
c:\dev\gamedevelopment\gamedev\chili framework 2016\engine\debug\engine.tlog\link.20992-rc.write.1.tlog
c:\dev\gamedevelopment\gamedev\chili framework 2016\engine\debug\engine.tlog\link.20992.read.1.tlog
c:\dev\gamedevelopment\gamedev\chili framework 2016\engine\debug\engine.tlog\link.20992.write.1.tlog
c:\dev\gamedevelopment\gamedev\chili framework 2016\engine\debug\engine.tlog\link.command.1.tlog
c:\dev\gamedevelopment\gamedev\chili framework 2016\engine\debug\engine.tlog\link.read.1.tlog
c:\dev\gamedevelopment\gamedev\chili framework 2016\engine\debug\engine.tlog\link.write.1.tlog
c:\dev\gamedevelopment\gamedev\chili framework 2016\engine\debug\engine.tlog\rc.command.1.tlog
c:\dev\gamedevelopment\gamedev\chili framework 2016\engine\debug\engine.tlog\rc.read.1.tlog
c:\dev\gamedevelopment\gamedev\chili framework 2016\engine\debug\engine.tlog\rc.write.1.tlog
